<?xml version="1.0" encoding="UTF-8"?>
<testsuite name="util.PropertiesReaderTest" tests="1" skipped="0" failures="0" errors="0" timestamp="2019-10-22T14:11:54" hostname="PC_IKA" time="0.019">
  <properties/>
  <testcase name="loadPropertyFileAndGetProperty()" classname="util.PropertiesReaderTest" time="0.019"/>
  <system-out><![CDATA[]]></system-out>
  <system-err><![CDATA[]]></system-err>
</testsuite>
