<?xml version="1.0" encoding="UTF-8"?>
<testsuite name="example.ExampleApiTest" tests="2" skipped="0" failures="0" errors="0" timestamp="2019-10-22T11:54:30" hostname="PC_IKA" time="1.779">
  <properties/>
  <testcase name="badRequestWillHaveErrorStatus()" classname="example.ExampleApiTest" time="1.629"/>
  <testcase name="salesNameWillBeIncludedInSale()" classname="example.ExampleApiTest" time="0.148"/>
  <system-out><![CDATA[12:54:27.272 [Test worker] INFO io.specto.hoverfly.junit.core.TempFileManager - Selecting the following binary based on the current operating system: hoverfly_windows_amd64.exe
12:54:27.278 [Test worker] INFO io.specto.hoverfly.junit.core.TempFileManager - Storing binary in temporary directory C:\Users\sean\AppData\Local\Temp\hoverfly.14666322064560279577\hoverfly_windows_amd64.exe
12:54:28.067 [Test worker] INFO io.specto.hoverfly.junit.core.Hoverfly - Executing binary at C:\Users\sean\AppData\Local\Temp\hoverfly.14666322064560279577\hoverfly_windows_amd64.exe
12:54:28.078 [Test worker] DEBUG org.zeroturnaround.exec.ProcessExecutor - Executing [C:\Users\sean\AppData\Local\Temp\hoverfly.14666322064560279577\hoverfly_windows_amd64.exe, -pp, 65134, -ap, 65135, -logs, json] in C:\Users\sean\AppData\Local\Temp\hoverfly.14666322064560279577.
12:54:29.227 [Test worker] DEBUG org.zeroturnaround.exec.ProcessExecutor - Started Process[pid=149712, exitValue="not exited"]
12:54:29.290 [Thread-4] INFO hoverfly - Default proxy port has been overwritten port=65134
12:54:29.291 [Thread-4] INFO hoverfly - Default admin port has been overwritten port=65135
12:54:29.291 [Thread-4] INFO hoverfly - Using memory backend 
12:54:29.291 [Thread-4] INFO hoverfly - Proxy prepared... Destination=. Mode=simulate ProxyPort=65134
12:54:29.292 [Thread-4] INFO hoverfly - current proxy configuration destination=. mode=simulate port=65134
12:54:29.292 [Thread-4] INFO hoverfly - serving proxy 
12:54:29.292 [Thread-4] INFO hoverfly - Admin interface is starting... AdminPort=65135
12:54:29.781 [Thread-4] INFO hoverfly - Mode has been changed mode=simulate
12:54:29.788 [Test worker] INFO io.specto.hoverfly.junit.core.ProxyConfigurer - Setting proxy host to localhost
12:54:29.788 [Test worker] INFO io.specto.hoverfly.junit.core.ProxyConfigurer - Setting proxy proxyPort to 65134
12:54:29.788 [Test worker] INFO io.specto.hoverfly.junit.core.Hoverfly - Importing simulation data to Hoverfly
12:54:30.399 [Thread-4] INFO hoverfly - Mode has been changed mode=simulate
12:54:30.400 [Test worker] INFO io.specto.hoverfly.junit.core.Hoverfly - Importing simulation data to Hoverfly
12:54:30.519 [Test worker] INFO io.specto.hoverfly.junit.core.Hoverfly - Importing simulation data to Hoverfly
12:54:30.571 [Thread-4] INFO hoverfly - payloads imported failed=0 successful=1 total=1
Request URI:	http://fake.123/auth
12:54:31.942 [Test worker] INFO io.specto.hoverfly.junit.core.Hoverfly - Importing simulation data to Hoverfly
12:54:31.948 [Thread-4] INFO hoverfly - payloads imported failed=0 successful=2 total=2
Request URI:	http://fake.123/sales
12:54:32.009 [Thread-4] INFO hoverfly - Mode has been changed mode=simulate
12:54:32.009 [Test worker] INFO io.specto.hoverfly.junit.core.Hoverfly - Importing simulation data to Hoverfly
12:54:32.014 [Test worker] INFO io.specto.hoverfly.junit.core.Hoverfly - Importing simulation data to Hoverfly
12:54:32.018 [Thread-4] INFO hoverfly - payloads imported failed=0 successful=1 total=1
Request URI:	http://fake.123/auth
12:54:32.045 [Test worker] INFO io.specto.hoverfly.junit.core.Hoverfly - Importing simulation data to Hoverfly
12:54:32.050 [Thread-4] INFO hoverfly - payloads imported failed=0 successful=2 total=2
Request URI:	http://fake.123/sales?client=123
12:54:32.154 [Test worker] INFO io.specto.hoverfly.junit.core.Hoverfly - Destroying hoverfly process
12:54:32.158 [WaitForProcess-Process[pid=149712, exitValue="not exited"]] DEBUG org.zeroturnaround.exec.WaitForProcess - Process[pid=149712, exitValue=1] stopped with exit code 1
]]></system-out>
  <system-err><![CDATA[]]></system-err>
</testsuite>
