<?xml version="1.0" encoding="UTF-8"?>
<testsuite name="example.RefactoredExampleApiTest" tests="2" skipped="0" failures="0" errors="0" timestamp="2019-10-22T11:54:34" hostname="PC_IKA" time="0.102">
  <properties/>
  <testcase name="badRequestWillHaveErrorStatus()" classname="example.RefactoredExampleApiTest" time="0.061"/>
  <testcase name="salesNameWillBeIncludedInSale()" classname="example.RefactoredExampleApiTest" time="0.041"/>
  <system-out><![CDATA[12:54:32.171 [Test worker] INFO io.specto.hoverfly.junit.core.TempFileManager - Selecting the following binary based on the current operating system: hoverfly_windows_amd64.exe
12:54:32.173 [Test worker] INFO io.specto.hoverfly.junit.core.TempFileManager - Storing binary in temporary directory C:\Users\sean\AppData\Local\Temp\hoverfly.15827118135492233353\hoverfly_windows_amd64.exe
12:54:32.850 [Test worker] INFO io.specto.hoverfly.junit.core.Hoverfly - Executing binary at C:\Users\sean\AppData\Local\Temp\hoverfly.15827118135492233353\hoverfly_windows_amd64.exe
12:54:32.851 [Test worker] DEBUG org.zeroturnaround.exec.ProcessExecutor - Executing [C:\Users\sean\AppData\Local\Temp\hoverfly.15827118135492233353\hoverfly_windows_amd64.exe, -pp, 65141, -ap, 65142, -logs, json] in C:\Users\sean\AppData\Local\Temp\hoverfly.15827118135492233353.
12:54:34.008 [Test worker] DEBUG org.zeroturnaround.exec.ProcessExecutor - Started Process[pid=150108, exitValue="not exited"]
12:54:34.092 [Thread-6] INFO hoverfly - Default proxy port has been overwritten port=65141
12:54:34.093 [Thread-6] INFO hoverfly - Default admin port has been overwritten port=65142
12:54:34.093 [Thread-6] INFO hoverfly - Using memory backend 
12:54:34.094 [Thread-6] INFO hoverfly - Proxy prepared... Destination=. Mode=simulate ProxyPort=65141
12:54:34.095 [Thread-6] INFO hoverfly - current proxy configuration destination=. mode=simulate port=65141
12:54:34.095 [Thread-6] INFO hoverfly - serving proxy 
12:54:34.096 [Thread-6] INFO hoverfly - Admin interface is starting... AdminPort=65142
12:54:34.521 [Thread-6] INFO hoverfly - Mode has been changed mode=simulate
12:54:34.525 [Test worker] INFO io.specto.hoverfly.junit.core.ProxyConfigurer - Setting proxy host to localhost
12:54:34.526 [Test worker] INFO io.specto.hoverfly.junit.core.ProxyConfigurer - Setting proxy proxyPort to 65141
12:54:34.533 [Test worker] INFO io.specto.hoverfly.junit.core.Hoverfly - Importing simulation data to Hoverfly
12:54:34.550 [Thread-6] INFO hoverfly - payloads imported failed=0 successful=5 total=5
Request URI:	http://fake.123/auth
Request URI:	http://fake.123/sales
Request URI:	http://fake.123/auth
Request URI:	http://fake.123/sales?client=123
]]></system-out>
  <system-err><![CDATA[]]></system-err>
</testsuite>
