<?xml version="1.0" encoding="UTF-8"?>
<testsuite name="ExampleApiTest" tests="2" skipped="0" failures="0" errors="0" timestamp="2019-10-22T14:45:21" hostname="PC_IKA" time="0.91">
  <properties/>
  <testcase name="badRequestWillHaveErrorStatus()" classname="ExampleApiTest" time="0.793"/>
  <testcase name="salesNameWillBeIncludedInSale()" classname="ExampleApiTest" time="0.115"/>
  <system-out><![CDATA[15:45:18.239 [Test worker] INFO io.specto.hoverfly.junit.core.TempFileManager - Selecting the following binary based on the current operating system: hoverfly_windows_amd64.exe
15:45:18.244 [Test worker] INFO io.specto.hoverfly.junit.core.TempFileManager - Storing binary in temporary directory C:\Users\sean\AppData\Local\Temp\hoverfly.962674854192184712\hoverfly_windows_amd64.exe
15:45:18.876 [Test worker] INFO io.specto.hoverfly.junit.core.Hoverfly - Executing binary at C:\Users\sean\AppData\Local\Temp\hoverfly.962674854192184712\hoverfly_windows_amd64.exe
15:45:18.885 [Test worker] DEBUG org.zeroturnaround.exec.ProcessExecutor - Executing [C:\Users\sean\AppData\Local\Temp\hoverfly.962674854192184712\hoverfly_windows_amd64.exe, -pp, 50911, -ap, 50912, -logs, json] in C:\Users\sean\AppData\Local\Temp\hoverfly.962674854192184712.
15:45:20.247 [Test worker] DEBUG org.zeroturnaround.exec.ProcessExecutor - Started Process[pid=145352, exitValue="not exited"]
15:45:20.314 [Thread-4] INFO hoverfly - Default proxy port has been overwritten port=50911
15:45:20.315 [Thread-4] INFO hoverfly - Default admin port has been overwritten port=50912
15:45:20.315 [Thread-4] INFO hoverfly - Using memory backend 
15:45:20.315 [Thread-4] INFO hoverfly - Proxy prepared... Destination=. Mode=simulate ProxyPort=50911
15:45:20.315 [Thread-4] INFO hoverfly - current proxy configuration destination=. mode=simulate port=50911
15:45:20.315 [Thread-4] INFO hoverfly - serving proxy 
15:45:20.315 [Thread-4] INFO hoverfly - Admin interface is starting... AdminPort=50912
15:45:20.844 [Thread-4] INFO hoverfly - Mode has been changed mode=simulate
15:45:20.850 [Test worker] INFO io.specto.hoverfly.junit.core.ProxyConfigurer - Setting proxy host to localhost
15:45:20.851 [Test worker] INFO io.specto.hoverfly.junit.core.ProxyConfigurer - Setting proxy proxyPort to 50911
15:45:20.851 [Test worker] INFO io.specto.hoverfly.junit.core.Hoverfly - Importing simulation data to Hoverfly
15:45:21.237 [Test worker] INFO io.specto.hoverfly.junit.core.Hoverfly - Importing simulation data to Hoverfly
15:45:21.237 [Thread-4] INFO hoverfly - Mode has been changed mode=simulate
15:45:21.304 [Test worker] INFO io.specto.hoverfly.junit.core.Hoverfly - Importing simulation data to Hoverfly
15:45:21.320 [Thread-4] INFO hoverfly - payloads imported failed=0 successful=1 total=1
Request URI:	http://fake.123/auth
15:45:21.979 [Test worker] INFO io.specto.hoverfly.junit.core.Hoverfly - Importing simulation data to Hoverfly
15:45:21.984 [Thread-4] INFO hoverfly - payloads imported failed=0 successful=2 total=2
Request URI:	http://fake.123/sales
15:45:22.033 [Thread-4] INFO hoverfly - Mode has been changed mode=simulate
15:45:22.033 [Test worker] INFO io.specto.hoverfly.junit.core.Hoverfly - Importing simulation data to Hoverfly
15:45:22.037 [Test worker] INFO io.specto.hoverfly.junit.core.Hoverfly - Importing simulation data to Hoverfly
15:45:22.041 [Thread-4] INFO hoverfly - payloads imported failed=0 successful=1 total=1
Request URI:	http://fake.123/auth
15:45:22.061 [Test worker] INFO io.specto.hoverfly.junit.core.Hoverfly - Importing simulation data to Hoverfly
15:45:22.063 [Thread-4] INFO hoverfly - payloads imported failed=0 successful=2 total=2
Request URI:	http://fake.123/sales?client=123
15:45:22.145 [Test worker] INFO io.specto.hoverfly.junit.core.Hoverfly - Destroying hoverfly process
15:45:22.149 [WaitForProcess-Process[pid=145352, exitValue="not exited"]] DEBUG org.zeroturnaround.exec.WaitForProcess - Process[pid=145352, exitValue=1] stopped with exit code 1
]]></system-out>
  <system-err><![CDATA[]]></system-err>
</testsuite>
